<?xml version="1.0" encoding="UTF-8"?>
<testng-results skipped="0" failed="0" total="1" passed="1">
  <reporter-output>
  </reporter-output>
  <suite name="Default suite" duration-ms="7257" started-at="2017-12-15T02:13:36Z" finished-at="2017-12-15T02:13:43Z">
    <groups>
    </groups>
    <test name="Default test" duration-ms="7257" started-at="2017-12-15T02:13:36Z" finished-at="2017-12-15T02:13:43Z">
      <class name="sriOne.testone">
        <test-method status="PASS" signature="login()[pri:0, instance:sriOne.testone@1e6454ec]" name="login" duration-ms="7230" started-at="2017-12-15T07:43:36Z" finished-at="2017-12-15T07:43:43Z">
          <reporter-output>
          </reporter-output>
        </test-method> <!-- login -->
      </class> <!-- sriOne.testone -->
    </test> <!-- Default test -->
  </suite> <!-- Default suite -->
</testng-results>
