<?xml version="1.0" encoding="UTF-8"?>
<!-- Generated by org.testng.reporters.JUnitXMLReporter -->
<testsuite hostname="Reenus-MBP" name="MatchScore1" tests="3" failures="0" timestamp="28 Jul 2017 20:56:48 GMT" time="43.177" errors="0">
  <testcase name="OpenApp" time="25.766" classname="com.Android.matchstats.CreateNote"/>
  <testcase name="OpenPVIcon" time="4.428" classname="com.Android.matchstats.CreateNote"/>
  <testcase name="CreateNoteButton" time="12.978" classname="com.Android.matchstats.CreateNote"/>
</testsuite> <!-- MatchScore1 -->
