<?xml version="1.0" encoding="UTF-8"?>
<testng-results skipped="0" failed="0" total="2" passed="2">
  <reporter-output>
  </reporter-output>
  <suite name="Default suite" duration-ms="67681" started-at="2017-08-04T21:16:34Z" finished-at="2017-08-04T21:17:42Z">
    <groups>
    </groups>
    <test name="Default test" duration-ms="67681" started-at="2017-08-04T21:16:34Z" finished-at="2017-08-04T21:17:42Z">
      <class name="com.Android.matchstats.CreateNote">
        <test-method status="PASS" signature="OpenApp()[pri:0, instance:com.Android.matchstats.CreateNote@18be83e4]" name="OpenApp" duration-ms="26707" started-at="2017-08-05T02:46:34Z" finished-at="2017-08-05T02:47:01Z">
          <reporter-output>
          </reporter-output>
        </test-method> <!-- OpenApp -->
        <test-method status="PASS" signature="TheFirstCreate()[pri:1, instance:com.Android.matchstats.CreateNote@18be83e4]" name="TheFirstCreate" duration-ms="40948" started-at="2017-08-05T02:47:01Z" finished-at="2017-08-05T02:47:42Z">
          <reporter-output>
          </reporter-output>
        </test-method> <!-- TheFirstCreate -->
      </class> <!-- com.Android.matchstats.CreateNote -->
    </test> <!-- Default test -->
  </suite> <!-- Default suite -->
</testng-results>
