<?xml version="1.0" encoding="UTF-8"?>
<testng-results skipped="0" failed="3" total="10" passed="7">
  <reporter-output>
  </reporter-output>
  <suite name="Default suite" duration-ms="194404" started-at="2017-07-28T18:53:13Z" finished-at="2017-07-28T18:56:27Z">
    <groups>
    </groups>
    <test name="Default test" duration-ms="194404" started-at="2017-07-28T18:53:13Z" finished-at="2017-07-28T18:56:27Z">
      <class name="com.Android.matchstats.MatchScoreVerification">
        <test-method status="PASS" signature="OpenApp()[pri:0, instance:com.Android.matchstats.MatchScoreVerification@cb5822]" name="OpenApp" duration-ms="32264" started-at="2017-07-29T00:23:13Z" finished-at="2017-07-29T00:23:45Z">
          <reporter-output>
          </reporter-output>
        </test-method> <!-- OpenApp -->
        <test-method status="PASS" signature="LoginApp()[pri:1, instance:com.Android.matchstats.MatchScoreVerification@cb5822]" name="LoginApp" duration-ms="22749" started-at="2017-07-29T00:23:45Z" finished-at="2017-07-29T00:24:08Z">
          <reporter-output>
          </reporter-output>
        </test-method> <!-- LoginApp -->
        <test-method status="PASS" signature="OpenMatchScore()[pri:2, instance:com.Android.matchstats.MatchScoreVerification@cb5822]" name="OpenMatchScore" duration-ms="8366" started-at="2017-07-29T00:24:08Z" finished-at="2017-07-29T00:24:16Z">
          <reporter-output>
          </reporter-output>
        </test-method> <!-- OpenMatchScore -->
        <test-method status="PASS" signature="matchdetails()[pri:3, instance:com.Android.matchstats.MatchScoreVerification@cb5822]" name="matchdetails" duration-ms="52228" started-at="2017-07-29T00:24:16Z" finished-at="2017-07-29T00:25:08Z">
          <reporter-output>
          </reporter-output>
        </test-method> <!-- matchdetails -->
        <test-method status="PASS" signature="EnterBatting()[pri:4, instance:com.Android.matchstats.MatchScoreVerification@cb5822]" name="EnterBatting" duration-ms="15311" started-at="2017-07-29T00:25:08Z" finished-at="2017-07-29T00:25:24Z">
          <reporter-output>
          </reporter-output>
        </test-method> <!-- EnterBatting -->
        <test-method status="PASS" signature="EnterBowling()[pri:5, instance:com.Android.matchstats.MatchScoreVerification@cb5822]" name="EnterBowling" duration-ms="34072" started-at="2017-07-29T00:25:24Z" finished-at="2017-07-29T00:25:58Z">
          <reporter-output>
          </reporter-output>
        </test-method> <!-- EnterBowling -->
        <test-method status="PASS" signature="EnterFieding()[pri:6, instance:com.Android.matchstats.MatchScoreVerification@cb5822]" name="EnterFieding" duration-ms="28080" started-at="2017-07-29T00:25:58Z" finished-at="2017-07-29T00:26:26Z">
          <reporter-output>
          </reporter-output>
        </test-method> <!-- EnterFieding -->
        <test-method status="FAIL" signature="verifyBattingStrickerate()[pri:7, instance:com.Android.matchstats.MatchScoreVerification@cb5822]" name="verifyBattingStrickerate" duration-ms="83" started-at="2017-07-29T00:26:26Z" finished-at="2017-07-29T00:26:26Z">
          <exception class="org.openqa.selenium.NoSuchElementException">
            <message>
              <![CDATA[An element could not be located on the page using the given search parameters. (WARNING: The server did not provide any stacktrace information)
Command duration or timeout: 75 milliseconds
For documentation on this error, please visit: http://seleniumhq.org/exceptions/no_such_element.html
Build info: version: '2.53.1', revision: 'a36b8b1', time: '2016-06-30 17:37:03'
System info: host: 'Reenus-MBP', ip: '192.168.1.2', os.name: 'Mac OS X', os.arch: 'x86_64', os.version: '10.12', java.version: '1.8.0_131'
Driver info: io.appium.java_client.android.AndroidDriver
Capabilities [{app=/Users/reenupanwar/Desktop/builds/stagedebug.apk, appPackage=com.pitchvision.stage.debug, networkConnectionEnabled=true, noReset=true, warnings={}, appWaitPackage=com.pitchvision.stage.debug, appWaitActivity=com.pitchvision.android.activities.Splash, databaseEnabled=false, deviceName=SORS9LY54HEA4SFE, platform=LINUX, deviceUDID=SORS9LY54HEA4SFE, appActivity=com.pitchvision.android.activities.Splash, desired={app=/Users/reenupanwar/Desktop/builds/stagedebug.apk, appium-version=1.0, noReset=true, platformVersion=6.0, automationName=Appium, platformName=Android, deviceName=S6}, appium-version=1.0, platformVersion=6.0, webStorageEnabled=false, locationContextEnabled=false, automationName=Appium, takesScreenshot=true, javascriptEnabled=true, platformName=Android}]
Session ID: 9805da7b-d62e-4c59-8985-c12246d412ad
*** Element info: {Using=xpath, value=//android.widget.RelativeLayout[@index='0']}]]>
            </message>
            <full-stacktrace>
              <![CDATA[org.openqa.selenium.NoSuchElementException: An element could not be located on the page using the given search parameters. (WARNING: The server did not provide any stacktrace information)
Command duration or timeout: 75 milliseconds
For documentation on this error, please visit: http://seleniumhq.org/exceptions/no_such_element.html
Build info: version: '2.53.1', revision: 'a36b8b1', time: '2016-06-30 17:37:03'
System info: host: 'Reenus-MBP', ip: '192.168.1.2', os.name: 'Mac OS X', os.arch: 'x86_64', os.version: '10.12', java.version: '1.8.0_131'
Driver info: io.appium.java_client.android.AndroidDriver
Capabilities [{app=/Users/reenupanwar/Desktop/builds/stagedebug.apk, appPackage=com.pitchvision.stage.debug, networkConnectionEnabled=true, noReset=true, warnings={}, appWaitPackage=com.pitchvision.stage.debug, appWaitActivity=com.pitchvision.android.activities.Splash, databaseEnabled=false, deviceName=SORS9LY54HEA4SFE, platform=LINUX, deviceUDID=SORS9LY54HEA4SFE, appActivity=com.pitchvision.android.activities.Splash, desired={app=/Users/reenupanwar/Desktop/builds/stagedebug.apk, appium-version=1.0, noReset=true, platformVersion=6.0, automationName=Appium, platformName=Android, deviceName=S6}, appium-version=1.0, platformVersion=6.0, webStorageEnabled=false, locationContextEnabled=false, automationName=Appium, takesScreenshot=true, javascriptEnabled=true, platformName=Android}]
Session ID: 9805da7b-d62e-4c59-8985-c12246d412ad
*** Element info: {Using=xpath, value=//android.widget.RelativeLayout[@index='0']}
	at sun.reflect.NativeConstructorAccessorImpl.newInstance0(Native Method)
	at sun.reflect.NativeConstructorAccessorImpl.newInstance(NativeConstructorAccessorImpl.java:62)
	at sun.reflect.DelegatingConstructorAccessorImpl.newInstance(DelegatingConstructorAccessorImpl.java:45)
	at java.lang.reflect.Constructor.newInstance(Constructor.java:423)
	at org.openqa.selenium.remote.ErrorHandler.createThrowable(ErrorHandler.java:206)
	at org.openqa.selenium.remote.ErrorHandler.throwIfResponseFailed(ErrorHandler.java:158)
	at org.openqa.selenium.remote.RemoteWebDriver.execute(RemoteWebDriver.java:678)
	at io.appium.java_client.AppiumDriver.execute(AppiumDriver.java:180)
	at org.openqa.selenium.remote.RemoteWebDriver.findElement(RemoteWebDriver.java:363)
	at org.openqa.selenium.remote.RemoteWebDriver.findElementByXPath(RemoteWebDriver.java:500)
	at org.openqa.selenium.By$ByXPath.findElement(By.java:361)
	at org.openqa.selenium.remote.RemoteWebDriver.findElement(RemoteWebDriver.java:355)
	at com.Android.matchstats.MatchScoreVerification.verifyBattingStrickerate(MatchScoreVerification.java:193)
	at sun.reflect.NativeMethodAccessorImpl.invoke0(Native Method)
	at sun.reflect.NativeMethodAccessorImpl.invoke(NativeMethodAccessorImpl.java:62)
	at sun.reflect.DelegatingMethodAccessorImpl.invoke(DelegatingMethodAccessorImpl.java:43)
	at java.lang.reflect.Method.invoke(Method.java:498)
	at org.testng.internal.MethodInvocationHelper.invokeMethod(MethodInvocationHelper.java:85)
	at org.testng.internal.Invoker.invokeMethod(Invoker.java:639)
	at org.testng.internal.Invoker.invokeTestMethod(Invoker.java:816)
	at org.testng.internal.Invoker.invokeTestMethods(Invoker.java:1124)
	at org.testng.internal.TestMethodWorker.invokeTestMethods(TestMethodWorker.java:125)
	at org.testng.internal.TestMethodWorker.run(TestMethodWorker.java:108)
	at org.testng.TestRunner.privateRun(TestRunner.java:774)
	at org.testng.TestRunner.run(TestRunner.java:624)
	at org.testng.SuiteRunner.runTest(SuiteRunner.java:359)
	at org.testng.SuiteRunner.runSequentially(SuiteRunner.java:354)
	at org.testng.SuiteRunner.privateRun(SuiteRunner.java:312)
	at org.testng.SuiteRunner.run(SuiteRunner.java:261)
	at org.testng.SuiteRunnerWorker.runSuite(SuiteRunnerWorker.java:52)
	at org.testng.SuiteRunnerWorker.run(SuiteRunnerWorker.java:86)
	at org.testng.TestNG.runSuitesSequentially(TestNG.java:1215)
	at org.testng.TestNG.runSuitesLocally(TestNG.java:1140)
	at org.testng.TestNG.run(TestNG.java:1048)
	at org.testng.remote.AbstractRemoteTestNG.run(AbstractRemoteTestNG.java:132)
	at org.testng.remote.RemoteTestNG.initAndRun(RemoteTestNG.java:230)
	at org.testng.remote.RemoteTestNG.main(RemoteTestNG.java:76)
]]>
            </full-stacktrace>
          </exception> <!-- org.openqa.selenium.NoSuchElementException -->
          <reporter-output>
          </reporter-output>
        </test-method> <!-- verifyBattingStrickerate -->
        <test-method status="FAIL" signature="verifyBowingStrikerate()[pri:8, instance:com.Android.matchstats.MatchScoreVerification@cb5822]" name="verifyBowingStrikerate" duration-ms="701" started-at="2017-07-29T00:26:26Z" finished-at="2017-07-29T00:26:27Z">
          <exception class="org.openqa.selenium.NoSuchElementException">
            <message>
              <![CDATA[An element could not be located on the page using the given search parameters. (WARNING: The server did not provide any stacktrace information)
Command duration or timeout: 699 milliseconds
For documentation on this error, please visit: http://seleniumhq.org/exceptions/no_such_element.html
Build info: version: '2.53.1', revision: 'a36b8b1', time: '2016-06-30 17:37:03'
System info: host: 'Reenus-MBP', ip: '192.168.1.2', os.name: 'Mac OS X', os.arch: 'x86_64', os.version: '10.12', java.version: '1.8.0_131'
Driver info: io.appium.java_client.android.AndroidDriver
Capabilities [{app=/Users/reenupanwar/Desktop/builds/stagedebug.apk, appPackage=com.pitchvision.stage.debug, networkConnectionEnabled=true, noReset=true, warnings={}, appWaitPackage=com.pitchvision.stage.debug, appWaitActivity=com.pitchvision.android.activities.Splash, databaseEnabled=false, deviceName=SORS9LY54HEA4SFE, platform=LINUX, deviceUDID=SORS9LY54HEA4SFE, appActivity=com.pitchvision.android.activities.Splash, desired={app=/Users/reenupanwar/Desktop/builds/stagedebug.apk, appium-version=1.0, noReset=true, platformVersion=6.0, automationName=Appium, platformName=Android, deviceName=S6}, appium-version=1.0, platformVersion=6.0, webStorageEnabled=false, locationContextEnabled=false, automationName=Appium, takesScreenshot=true, javascriptEnabled=true, platformName=Android}]
Session ID: 9805da7b-d62e-4c59-8985-c12246d412ad
*** Element info: {Using=-android uiautomator, value=new UiScrollable(new UiSelector().scrollable(true).instance(0)).scrollIntoView(new UiSelector().descriptionContains("Strike Rate").instance(0));new UiScrollable(new UiSelector().scrollable(true).instance(0)).scrollIntoView(new UiSelector().textContains("Strike Rate").instance(0));}]]>
            </message>
            <full-stacktrace>
              <![CDATA[org.openqa.selenium.NoSuchElementException: An element could not be located on the page using the given search parameters. (WARNING: The server did not provide any stacktrace information)
Command duration or timeout: 699 milliseconds
For documentation on this error, please visit: http://seleniumhq.org/exceptions/no_such_element.html
Build info: version: '2.53.1', revision: 'a36b8b1', time: '2016-06-30 17:37:03'
System info: host: 'Reenus-MBP', ip: '192.168.1.2', os.name: 'Mac OS X', os.arch: 'x86_64', os.version: '10.12', java.version: '1.8.0_131'
Driver info: io.appium.java_client.android.AndroidDriver
Capabilities [{app=/Users/reenupanwar/Desktop/builds/stagedebug.apk, appPackage=com.pitchvision.stage.debug, networkConnectionEnabled=true, noReset=true, warnings={}, appWaitPackage=com.pitchvision.stage.debug, appWaitActivity=com.pitchvision.android.activities.Splash, databaseEnabled=false, deviceName=SORS9LY54HEA4SFE, platform=LINUX, deviceUDID=SORS9LY54HEA4SFE, appActivity=com.pitchvision.android.activities.Splash, desired={app=/Users/reenupanwar/Desktop/builds/stagedebug.apk, appium-version=1.0, noReset=true, platformVersion=6.0, automationName=Appium, platformName=Android, deviceName=S6}, appium-version=1.0, platformVersion=6.0, webStorageEnabled=false, locationContextEnabled=false, automationName=Appium, takesScreenshot=true, javascriptEnabled=true, platformName=Android}]
Session ID: 9805da7b-d62e-4c59-8985-c12246d412ad
*** Element info: {Using=-android uiautomator, value=new UiScrollable(new UiSelector().scrollable(true).instance(0)).scrollIntoView(new UiSelector().descriptionContains("Strike Rate").instance(0));new UiScrollable(new UiSelector().scrollable(true).instance(0)).scrollIntoView(new UiSelector().textContains("Strike Rate").instance(0));}
	at sun.reflect.NativeConstructorAccessorImpl.newInstance0(Native Method)
	at sun.reflect.NativeConstructorAccessorImpl.newInstance(NativeConstructorAccessorImpl.java:62)
	at sun.reflect.DelegatingConstructorAccessorImpl.newInstance(DelegatingConstructorAccessorImpl.java:45)
	at java.lang.reflect.Constructor.newInstance(Constructor.java:423)
	at org.openqa.selenium.remote.ErrorHandler.createThrowable(ErrorHandler.java:206)
	at org.openqa.selenium.remote.ErrorHandler.throwIfResponseFailed(ErrorHandler.java:158)
	at org.openqa.selenium.remote.RemoteWebDriver.execute(RemoteWebDriver.java:678)
	at io.appium.java_client.AppiumDriver.execute(AppiumDriver.java:180)
	at org.openqa.selenium.remote.RemoteWebDriver.findElement(RemoteWebDriver.java:363)
	at io.appium.java_client.android.AndroidDriver.findElementByAndroidUIAutomator(AndroidDriver.java:255)
	at io.appium.java_client.android.AndroidDriver.scrollTo(AndroidDriver.java:53)
	at com.Android.matchstats.MatchScoreVerification.verifyBowingStrikerate(MatchScoreVerification.java:211)
	at sun.reflect.NativeMethodAccessorImpl.invoke0(Native Method)
	at sun.reflect.NativeMethodAccessorImpl.invoke(NativeMethodAccessorImpl.java:62)
	at sun.reflect.DelegatingMethodAccessorImpl.invoke(DelegatingMethodAccessorImpl.java:43)
	at java.lang.reflect.Method.invoke(Method.java:498)
	at org.testng.internal.MethodInvocationHelper.invokeMethod(MethodInvocationHelper.java:85)
	at org.testng.internal.Invoker.invokeMethod(Invoker.java:639)
	at org.testng.internal.Invoker.invokeTestMethod(Invoker.java:816)
	at org.testng.internal.Invoker.invokeTestMethods(Invoker.java:1124)
	at org.testng.internal.TestMethodWorker.invokeTestMethods(TestMethodWorker.java:125)
	at org.testng.internal.TestMethodWorker.run(TestMethodWorker.java:108)
	at org.testng.TestRunner.privateRun(TestRunner.java:774)
	at org.testng.TestRunner.run(TestRunner.java:624)
	at org.testng.SuiteRunner.runTest(SuiteRunner.java:359)
	at org.testng.SuiteRunner.runSequentially(SuiteRunner.java:354)
	at org.testng.SuiteRunner.privateRun(SuiteRunner.java:312)
	at org.testng.SuiteRunner.run(SuiteRunner.java:261)
	at org.testng.SuiteRunnerWorker.runSuite(SuiteRunnerWorker.java:52)
	at org.testng.SuiteRunnerWorker.run(SuiteRunnerWorker.java:86)
	at org.testng.TestNG.runSuitesSequentially(TestNG.java:1215)
	at org.testng.TestNG.runSuitesLocally(TestNG.java:1140)
	at org.testng.TestNG.run(TestNG.java:1048)
	at org.testng.remote.AbstractRemoteTestNG.run(AbstractRemoteTestNG.java:132)
	at org.testng.remote.RemoteTestNG.initAndRun(RemoteTestNG.java:230)
	at org.testng.remote.RemoteTestNG.main(RemoteTestNG.java:76)
]]>
            </full-stacktrace>
          </exception> <!-- org.openqa.selenium.NoSuchElementException -->
          <reporter-output>
          </reporter-output>
        </test-method> <!-- verifyBowingStrikerate -->
        <test-method status="FAIL" signature="verifyBowlingEconomy()[pri:9, instance:com.Android.matchstats.MatchScoreVerification@cb5822]" name="verifyBowlingEconomy" duration-ms="465" started-at="2017-07-29T00:26:27Z" finished-at="2017-07-29T00:26:27Z">
          <exception class="org.openqa.selenium.NoSuchElementException">
            <message>
              <![CDATA[An element could not be located on the page using the given search parameters. (WARNING: The server did not provide any stacktrace information)
Command duration or timeout: 464 milliseconds
For documentation on this error, please visit: http://seleniumhq.org/exceptions/no_such_element.html
Build info: version: '2.53.1', revision: 'a36b8b1', time: '2016-06-30 17:37:03'
System info: host: 'Reenus-MBP', ip: '192.168.1.2', os.name: 'Mac OS X', os.arch: 'x86_64', os.version: '10.12', java.version: '1.8.0_131'
Driver info: io.appium.java_client.android.AndroidDriver
Capabilities [{app=/Users/reenupanwar/Desktop/builds/stagedebug.apk, appPackage=com.pitchvision.stage.debug, networkConnectionEnabled=true, noReset=true, warnings={}, appWaitPackage=com.pitchvision.stage.debug, appWaitActivity=com.pitchvision.android.activities.Splash, databaseEnabled=false, deviceName=SORS9LY54HEA4SFE, platform=LINUX, deviceUDID=SORS9LY54HEA4SFE, appActivity=com.pitchvision.android.activities.Splash, desired={app=/Users/reenupanwar/Desktop/builds/stagedebug.apk, appium-version=1.0, noReset=true, platformVersion=6.0, automationName=Appium, platformName=Android, deviceName=S6}, appium-version=1.0, platformVersion=6.0, webStorageEnabled=false, locationContextEnabled=false, automationName=Appium, takesScreenshot=true, javascriptEnabled=true, platformName=Android}]
Session ID: 9805da7b-d62e-4c59-8985-c12246d412ad
*** Element info: {Using=id, value=id_econ_text}]]>
            </message>
            <full-stacktrace>
              <![CDATA[org.openqa.selenium.NoSuchElementException: An element could not be located on the page using the given search parameters. (WARNING: The server did not provide any stacktrace information)
Command duration or timeout: 464 milliseconds
For documentation on this error, please visit: http://seleniumhq.org/exceptions/no_such_element.html
Build info: version: '2.53.1', revision: 'a36b8b1', time: '2016-06-30 17:37:03'
System info: host: 'Reenus-MBP', ip: '192.168.1.2', os.name: 'Mac OS X', os.arch: 'x86_64', os.version: '10.12', java.version: '1.8.0_131'
Driver info: io.appium.java_client.android.AndroidDriver
Capabilities [{app=/Users/reenupanwar/Desktop/builds/stagedebug.apk, appPackage=com.pitchvision.stage.debug, networkConnectionEnabled=true, noReset=true, warnings={}, appWaitPackage=com.pitchvision.stage.debug, appWaitActivity=com.pitchvision.android.activities.Splash, databaseEnabled=false, deviceName=SORS9LY54HEA4SFE, platform=LINUX, deviceUDID=SORS9LY54HEA4SFE, appActivity=com.pitchvision.android.activities.Splash, desired={app=/Users/reenupanwar/Desktop/builds/stagedebug.apk, appium-version=1.0, noReset=true, platformVersion=6.0, automationName=Appium, platformName=Android, deviceName=S6}, appium-version=1.0, platformVersion=6.0, webStorageEnabled=false, locationContextEnabled=false, automationName=Appium, takesScreenshot=true, javascriptEnabled=true, platformName=Android}]
Session ID: 9805da7b-d62e-4c59-8985-c12246d412ad
*** Element info: {Using=id, value=id_econ_text}
	at sun.reflect.NativeConstructorAccessorImpl.newInstance0(Native Method)
	at sun.reflect.NativeConstructorAccessorImpl.newInstance(NativeConstructorAccessorImpl.java:62)
	at sun.reflect.DelegatingConstructorAccessorImpl.newInstance(DelegatingConstructorAccessorImpl.java:45)
	at java.lang.reflect.Constructor.newInstance(Constructor.java:423)
	at org.openqa.selenium.remote.ErrorHandler.createThrowable(ErrorHandler.java:206)
	at org.openqa.selenium.remote.ErrorHandler.throwIfResponseFailed(ErrorHandler.java:158)
	at org.openqa.selenium.remote.RemoteWebDriver.execute(RemoteWebDriver.java:678)
	at io.appium.java_client.AppiumDriver.execute(AppiumDriver.java:180)
	at org.openqa.selenium.remote.RemoteWebDriver.findElement(RemoteWebDriver.java:363)
	at org.openqa.selenium.remote.RemoteWebDriver.findElementById(RemoteWebDriver.java:413)
	at org.openqa.selenium.By$ById.findElement(By.java:218)
	at org.openqa.selenium.remote.RemoteWebDriver.findElement(RemoteWebDriver.java:355)
	at com.Android.matchstats.MatchScoreVerification.verifyBowlingEconomy(MatchScoreVerification.java:228)
	at sun.reflect.NativeMethodAccessorImpl.invoke0(Native Method)
	at sun.reflect.NativeMethodAccessorImpl.invoke(NativeMethodAccessorImpl.java:62)
	at sun.reflect.DelegatingMethodAccessorImpl.invoke(DelegatingMethodAccessorImpl.java:43)
	at java.lang.reflect.Method.invoke(Method.java:498)
	at org.testng.internal.MethodInvocationHelper.invokeMethod(MethodInvocationHelper.java:85)
	at org.testng.internal.Invoker.invokeMethod(Invoker.java:639)
	at org.testng.internal.Invoker.invokeTestMethod(Invoker.java:816)
	at org.testng.internal.Invoker.invokeTestMethods(Invoker.java:1124)
	at org.testng.internal.TestMethodWorker.invokeTestMethods(TestMethodWorker.java:125)
	at org.testng.internal.TestMethodWorker.run(TestMethodWorker.java:108)
	at org.testng.TestRunner.privateRun(TestRunner.java:774)
	at org.testng.TestRunner.run(TestRunner.java:624)
	at org.testng.SuiteRunner.runTest(SuiteRunner.java:359)
	at org.testng.SuiteRunner.runSequentially(SuiteRunner.java:354)
	at org.testng.SuiteRunner.privateRun(SuiteRunner.java:312)
	at org.testng.SuiteRunner.run(SuiteRunner.java:261)
	at org.testng.SuiteRunnerWorker.runSuite(SuiteRunnerWorker.java:52)
	at org.testng.SuiteRunnerWorker.run(SuiteRunnerWorker.java:86)
	at org.testng.TestNG.runSuitesSequentially(TestNG.java:1215)
	at org.testng.TestNG.runSuitesLocally(TestNG.java:1140)
	at org.testng.TestNG.run(TestNG.java:1048)
	at org.testng.remote.AbstractRemoteTestNG.run(AbstractRemoteTestNG.java:132)
	at org.testng.remote.RemoteTestNG.initAndRun(RemoteTestNG.java:230)
	at org.testng.remote.RemoteTestNG.main(RemoteTestNG.java:76)
]]>
            </full-stacktrace>
          </exception> <!-- org.openqa.selenium.NoSuchElementException -->
          <reporter-output>
          </reporter-output>
        </test-method> <!-- verifyBowlingEconomy -->
      </class> <!-- com.Android.matchstats.MatchScoreVerification -->
    </test> <!-- Default test -->
  </suite> <!-- Default suite -->
</testng-results>
